#
# There is insufficient memory for the Java Runtime Environment to continue.
# Native memory allocation (malloc) failed to allocate 1048576 bytes for AllocateHeap
# Possible reasons:
#   The system is out of physical RAM or swap space
#   The process is running with CompressedOops enabled, and the Java Heap may be blocking the growth of the native heap
# Possible solutions:
#   Reduce memory load on the system
#   Increase physical memory or swap space
#   Check if swap backing store is full
#   Decrease Java heap size (-Xmx/-Xms)
#   Decrease number of Java threads
#   Decrease Java thread stack sizes (-Xss)
#   Set larger code cache with -XX:ReservedCodeCacheSize=
#   JVM is running with Unscaled Compressed Oops mode in which the Java heap is
#     placed in the first 4GB address space. The Java Heap base address is the
#     maximum limit for the native heap growth. Please use -XX:HeapBaseMinAddress
#     to set the Java Heap base and to place the Java Heap above 4GB virtual address.
# This output file may be truncated or incomplete.
#
#  Out of Memory Error (./open/src/hotspot/share/memory/allocation.cpp:44), pid=3924, tid=6692
#
# JRE version:  (15.0.2+7) (build )
# Java VM: OpenJDK 64-Bit Server VM (15.0.2+7-27, mixed mode, sharing, tiered, compressed oops, g1 gc, windows-amd64)
# No core dump will be written. Minidumps are not enabled by default on client versions of Windows
#

---------------  S U M M A R Y ------------

Command Line: -Dfile.encoding=Cp1252 -XX:+ShowCodeDetailsInExceptionMessages testaValores

Host: Intel(R) Atom(TM) x5-Z8300  CPU @ 1.44GHz, 4 cores, 1G,  Windows 10 , 64 bit Build 18362 (10.0.18362.1110)
Time: Sat Jul 31 14:08:56 2021 Hora oficial do Brasil elapsed time: 0.666632 seconds (0d 0h 0m 0s)

---------------  T H R E A D  ---------------

Current thread (0x0000028d37613f80):  JavaThread "Unknown thread" [_thread_in_vm, id=6692, stack(0x000000a9b1900000,0x000000a9b1a00000)]

Stack: [0x000000a9b1900000,0x000000a9b1a00000]
Native frames: (J=compiled Java code, j=interpreted, Vv=VM code, C=native code)
V  [jvm.dll+0x62ae9a]
V  [jvm.dll+0x7817a9]
V  [jvm.dll+0x782f03]
V  [jvm.dll+0x783563]
V  [jvm.dll+0x216325]
V  [jvm.dll+0x8ebb2]
V  [jvm.dll+0x2b0975]
V  [jvm.dll+0x2a80ce]
V  [jvm.dll+0x75e241]
V  [jvm.dll+0x3341c4]
V  [jvm.dll+0x73e926]
V  [jvm.dll+0x3b7557]
V  [jvm.dll+0x3b8fe1]
C  [jli.dll+0x52fb]
C  [ucrtbase.dll+0x210b2]
C  [KERNEL32.DLL+0x17c24]
C  [ntdll.dll+0x6d4d1]


---------------  P R O C E S S  ---------------

Threads class SMR info:
_java_thread_list=0x00007ffe50ff4ff0, length=0, elements={
}

Java Threads: ( => current thread )

Other Threads:
  0x0000028d37675e70 GCTaskThread "GC Thread#0" [stack: 0x000000a9b1a00000,0x000000a9b1b00000] [id=14408]

[error occurred during error reporting (printing all threads), id 0xc0000005, EXCEPTION_ACCESS_VIOLATION (0xc0000005) at pc=0x00007ffe507e53a0]

VM state: not at safepoint (not fully initialized)

VM Mutex/Monitor currently owned by a thread:  ([mutex/lock_event])
[0x0000028d376105d0] Heap_lock - owner thread: 0x0000028d37613f80

Heap address: 0x00000000e2200000, size: 478 MB, Compressed Oops mode: 32-bit
CDS archive(s) mapped at: [0x0000000000000000-0x0000000000000000-0x0000000000000000), size 0, SharedBaseAddress: 0x0000000800000000, ArchiveRelocationMode: 0.
Narrow klass base: 0x0000000000000000, Narrow klass shift: 0, Narrow klass range: 0x0

Heap:
 garbage-first heap   total 0K, used 0K [0x00000000e2200000, 0x0000000100000000)
  region size 1024K, 0 young (0K), 0 survivors (0K)
 Metaspace       used 0K, capacity 0K, committed 0K, reserved 0K
  class space    used 0K, capacity 0K, committed 0K, reserved 0K

Heap Regions: E=young(eden), S=young(survivor), O=old, HS=humongous(starts), HC=humongous(continues), CS=collection set, F=free, OA=open archive, CA=closed archive, TAMS=top-at-mark-start (previous, next)

Card table byte_map: [0x0000028d4a020000,0x0000028d4a110000] _byte_map_base: 0x0000028d4990f000

GC Heap History (0 events):
No events

Deoptimization events (0 events):
No events

Classes unloaded (0 events):
No events

Classes redefined (0 events):
No events

Internal exceptions (0 events):
No events

Events (1 events):
Event: 0.536 Loaded shared library C:\Users\thall\.p2\pool\plugins\org.eclipse.justj.openjdk.hotspot.jre.full.win32.x86_64_15.0.2.v20210201-0955\jre\bin\java.dll


Dynamic libraries:
0x00007ff69c690000 - 0x00007ff69c69d000 	C:\Users\thall\.p2\pool\plugins\org.eclipse.justj.openjdk.hotspot.jre.full.win32.x86_64_15.0.2.v20210201-0955\jre\bin\javaw.exe
0x00007ffe9b400000 - 0x00007ffe9b5f0000 	C:\WINDOWS\SYSTEM32\ntdll.dll
0x00007ffe99db0000 - 0x00007ffe99e62000 	C:\WINDOWS\System32\KERNEL32.DLL
0x00007ffe98820000 - 0x00007ffe98ac5000 	C:\WINDOWS\System32\KERNELBASE.dll
0x00007ffe98620000 - 0x00007ffe9871a000 	C:\WINDOWS\System32\ucrtbase.dll
0x00007ffe78f70000 - 0x00007ffe78f88000 	C:\Users\thall\.p2\pool\plugins\org.eclipse.justj.openjdk.hotspot.jre.full.win32.x86_64_15.0.2.v20210201-0955\jre\bin\jli.dll
0x00007ffe75b00000 - 0x00007ffe75b19000 	C:\Users\thall\.p2\pool\plugins\org.eclipse.justj.openjdk.hotspot.jre.full.win32.x86_64_15.0.2.v20210201-0955\jre\bin\VCRUNTIME140.dll
0x00007ffe9a2b0000 - 0x00007ffe9a444000 	C:\WINDOWS\System32\USER32.dll
0x00007ffe98ba0000 - 0x00007ffe98bc1000 	C:\WINDOWS\System32\win32u.dll
0x00007ffe9a9a0000 - 0x00007ffe9a9c6000 	C:\WINDOWS\System32\GDI32.dll
0x00007ffe98420000 - 0x00007ffe985b6000 	C:\WINDOWS\System32\gdi32full.dll
0x00007ffe98380000 - 0x00007ffe9841e000 	C:\WINDOWS\System32\msvcp_win.dll
0x00007ffe87b80000 - 0x00007ffe87e04000 	C:\WINDOWS\WinSxS\amd64_microsoft.windows.common-controls_6595b64144ccf1df_6.0.18362.1198_none_9e820b57e45ad92f\COMCTL32.dll
0x00007ffe9a9e0000 - 0x00007ffe9aa7e000 	C:\WINDOWS\System32\msvcrt.dll
0x00007ffe9a580000 - 0x00007ffe9a8b5000 	C:\WINDOWS\System32\combase.dll
0x00007ffe9b2a0000 - 0x00007ffe9b3c0000 	C:\WINDOWS\System32\RPCRT4.dll
0x00007ffe987a0000 - 0x00007ffe98820000 	C:\WINDOWS\System32\bcryptPrimitives.dll
0x00007ffe9b0a0000 - 0x00007ffe9b0ce000 	C:\WINDOWS\System32\IMM32.DLL
0x00007ffe95fa0000 - 0x00007ffe95fac000 	C:\Users\thall\.p2\pool\plugins\org.eclipse.justj.openjdk.hotspot.jre.full.win32.x86_64_15.0.2.v20210201-0955\jre\bin\vcruntime140_1.dll
0x00007ffe548c0000 - 0x00007ffe54951000 	C:\Users\thall\.p2\pool\plugins\org.eclipse.justj.openjdk.hotspot.jre.full.win32.x86_64_15.0.2.v20210201-0955\jre\bin\msvcp140.dll
0x00007ffe50530000 - 0x00007ffe5108e000 	C:\Users\thall\.p2\pool\plugins\org.eclipse.justj.openjdk.hotspot.jre.full.win32.x86_64_15.0.2.v20210201-0955\jre\bin\server\jvm.dll
0x00007ffe9ab00000 - 0x00007ffe9aba3000 	C:\WINDOWS\System32\ADVAPI32.dll
0x00007ffe9b0d0000 - 0x00007ffe9b167000 	C:\WINDOWS\System32\sechost.dll
0x00007ffe9a9d0000 - 0x00007ffe9a9d8000 	C:\WINDOWS\System32\PSAPI.DLL
0x00007ffe95ee0000 - 0x00007ffe95f04000 	C:\WINDOWS\SYSTEM32\WINMM.dll
0x00007ffe883d0000 - 0x00007ffe883da000 	C:\WINDOWS\SYSTEM32\VERSION.dll
0x00007ffe95eb0000 - 0x00007ffe95edd000 	C:\WINDOWS\SYSTEM32\winmmbase.dll
0x00007ffe98720000 - 0x00007ffe9876a000 	C:\WINDOWS\System32\cfgmgr32.dll
0x00007ffe96d90000 - 0x00007ffe96d99000 	C:\WINDOWS\SYSTEM32\WSOCK32.dll
0x00007ffe9a920000 - 0x00007ffe9a98f000 	C:\WINDOWS\System32\WS2_32.dll
0x00007ffe98340000 - 0x00007ffe98351000 	C:\WINDOWS\System32\kernel.appcore.dll
0x00007ffe91bb0000 - 0x00007ffe91bba000 	C:\Users\thall\.p2\pool\plugins\org.eclipse.justj.openjdk.hotspot.jre.full.win32.x86_64_15.0.2.v20210201-0955\jre\bin\jimage.dll
0x00007ffe96b70000 - 0x00007ffe96d64000 	C:\WINDOWS\SYSTEM32\DBGHELP.DLL
0x00007ffe8e140000 - 0x00007ffe8e16a000 	C:\WINDOWS\SYSTEM32\dbgcore.DLL
0x00007ffe784a0000 - 0x00007ffe784c5000 	C:\Users\thall\.p2\pool\plugins\org.eclipse.justj.openjdk.hotspot.jre.full.win32.x86_64_15.0.2.v20210201-0955\jre\bin\java.dll

dbghelp: loaded successfully - version: 4.0.5 - missing functions: none
symbol engine: initialized successfully - sym options: 0x614 - pdb path: .;C:\Users\thall\.p2\pool\plugins\org.eclipse.justj.openjdk.hotspot.jre.full.win32.x86_64_15.0.2.v20210201-0955\jre\bin;C:\WINDOWS\SYSTEM32;C:\WINDOWS\WinSxS\amd64_microsoft.windows.common-controls_6595b64144ccf1df_6.0.18362.1198_none_9e820b57e45ad92f;C:\Users\thall\.p2\pool\plugins\org.eclipse.justj.openjdk.hotspot.jre.full.win32.x86_64_15.0.2.v20210201-0955\jre\bin\server

VM Arguments:
jvm_args: -Dfile.encoding=Cp1252 -XX:+ShowCodeDetailsInExceptionMessages 
java_command: testaValores
java_class_path (initial): D:\eclipse\eclipse-workspace\bytebank-encapsulado\bin
Launcher Type: SUN_STANDARD

[Global flags]
     intx CICompilerCount                          = 3                                         {product} {ergonomic}
     uint ConcGCThreads                            = 1                                         {product} {ergonomic}
     uint G1ConcRefinementThreads                  = 4                                         {product} {ergonomic}
   size_t G1HeapRegionSize                         = 1048576                                   {product} {ergonomic}
    uintx GCDrainStackTargetSize                   = 64                                        {product} {ergonomic}
   size_t InitialHeapSize                          = 31457280                                  {product} {ergonomic}
   size_t MarkStackSize                            = 4194304                                   {product} {ergonomic}
   size_t MaxHeapSize                              = 501219328                                 {product} {ergonomic}
   size_t MinHeapDeltaBytes                        = 1048576                                   {product} {ergonomic}
   size_t MinHeapSize                              = 8388608                                   {product} {ergonomic}
    uintx NonNMethodCodeHeapSize                   = 5832780                                {pd product} {ergonomic}
    uintx NonProfiledCodeHeapSize                  = 122912730                              {pd product} {ergonomic}
    uintx ProfiledCodeHeapSize                     = 122912730                              {pd product} {ergonomic}
    uintx ReservedCodeCacheSize                    = 251658240                              {pd product} {ergonomic}
     bool SegmentedCodeCache                       = true                                      {product} {ergonomic}
     bool ShowCodeDetailsInExceptionMessages       = true                                   {manageable} {command line}
   size_t SoftMaxHeapSize                          = 501219328                              {manageable} {ergonomic}
     bool UseCompressedClassPointers               = true                                 {lp64_product} {ergonomic}
     bool UseCompressedOops                        = true                                 {lp64_product} {ergonomic}
     bool UseG1GC                                  = true                                      {product} {ergonomic}
     bool UseLargePagesIndividualAllocation        = false                                  {pd product} {ergonomic}

Logging:
Log output configuration:
 #0: stdout all=warning uptime,level,tags
 #1: stderr all=off uptime,level,tags

Environment Variables:
PATH=C:/Users/thall/.p2/pool/plugins/org.eclipse.justj.openjdk.hotspot.jre.full.win32.x86_64_15.0.2.v20210201-0955/jre/bin/server;C:/Users/thall/.p2/pool/plugins/org.eclipse.justj.openjdk.hotspot.jre.full.win32.x86_64_15.0.2.v20210201-0955/jre/bin;C:\Program Files (x86)\Common Files\Oracle\Java\javapath;C:\WINDOWS\system32;C:\WINDOWS;C:\WINDOWS\System32\Wbem;C:\WINDOWS\System32\WindowsPowerShell\v1.0\;C:\WINDOWS\System32\OpenSSH\;D:\Git\cmd;D:\Program Files\Java\jdk1.8.0_291\bin;D:\nodejs\;C:\Users\thall\AppData\Local\Microsoft\WindowsApps;C:\Users\thall\AppData\Roaming\npm;D:\Microsoft VS Code\bin;C:\WINDOWS\System32;
USERNAME=thall
OS=Windows_NT
PROCESSOR_IDENTIFIER=Intel64 Family 6 Model 76 Stepping 3, GenuineIntel



---------------  S Y S T E M  ---------------

OS:
 Windows 10 , 64 bit Build 18362 (10.0.18362.1110)
OS uptime: 4 days 4:17 hours

CPU: total 4 (initial active 4) (4 cores per cpu, 1 threads per core) family 6 model 76 stepping 3 microcode 0x367, cmov, cx8, fxsr, mmx, sse, sse2, sse3, ssse3, sse4.1, sse4.2, popcnt, aes, clmul, erms, 3dnowpref, tsc, tscinvbit, clflush

Memory: 4k page, system-wide physical 1908M (371M free)
TotalPageFile size 4745M (AvailPageFile size 9M)
current process WorkingSet (physical memory assigned to process): 9M, peak: 9M
current process commit charge ("private bytes"): 48M, peak: 49M

vm_info: OpenJDK 64-Bit Server VM (15.0.2+7-27) for windows-amd64 JRE (15.0.2+7-27), built on Dec  7 2020 20:02:38 by "mach5one" with unknown MS VC++:1925

END.
